Using pre-set license
Built from '2022.3/staging' branch; Version is '2022.3.13f1 (5f90a5ebde0f) revision 6262949'; Using compiler version '192829333'; Build Type 'Release'
OS: 'Windows 11  (10.0.22631) 64bit CoreSingleLanguage' Language: 'en' Physical Memory: 16106 MB
BatchMode: 1, IsHumanControllingUs: 0, StartBugReporterOnCrash: 0, Is64bit: 1, IsPro: 1

COMMAND LINE ARGUMENTS:
F:\UnityHub\Resources\2022.3.13f1\Editor\Unity.exe
-adb2
-batchMode
-noUpm
-name
AssetImportWorker0
-projectPath
F:/Unity Project/Bridge race/Bridgerace
-logFile
Logs/AssetImportWorker0.log
-srvPort
49744
Successfully changed project path to: F:/Unity Project/Bridge race/Bridgerace
F:/Unity Project/Bridge race/Bridgerace
[UnityMemory] Configuration Parameters - Can be set up in boot.config
    "memorysetup-bucket-allocator-granularity=16"
    "memorysetup-bucket-allocator-bucket-count=8"
    "memorysetup-bucket-allocator-block-size=33554432"
    "memorysetup-bucket-allocator-block-count=8"
    "memorysetup-main-allocator-block-size=16777216"
    "memorysetup-thread-allocator-block-size=16777216"
    "memorysetup-gfx-main-allocator-block-size=16777216"
    "memorysetup-gfx-thread-allocator-block-size=16777216"
    "memorysetup-cache-allocator-block-size=4194304"
    "memorysetup-typetree-allocator-block-size=2097152"
    "memorysetup-profiler-bucket-allocator-granularity=16"
    "memorysetup-profiler-bucket-allocator-bucket-count=8"
    "memorysetup-profiler-bucket-allocator-block-size=33554432"
    "memorysetup-profiler-bucket-allocator-block-count=8"
    "memorysetup-profiler-allocator-block-size=16777216"
    "memorysetup-profiler-editor-allocator-block-size=1048576"
    "memorysetup-temp-allocator-size-main=16777216"
    "memorysetup-job-temp-allocator-block-size=2097152"
    "memorysetup-job-temp-allocator-block-size-background=1048576"
    "memorysetup-job-temp-allocator-reduction-small-platforms=262144"
    "memorysetup-allocator-temp-initial-block-size-main=262144"
    "memorysetup-allocator-temp-initial-block-size-worker=262144"
    "memorysetup-temp-allocator-size-background-worker=32768"
    "memorysetup-temp-allocator-size-job-worker=262144"
    "memorysetup-temp-allocator-size-preload-manager=33554432"
    "memorysetup-temp-allocator-size-nav-mesh-worker=65536"
    "memorysetup-temp-allocator-size-audio-worker=65536"
    "memorysetup-temp-allocator-size-cloud-worker=32768"
    "memorysetup-temp-allocator-size-gi-baking-worker=262144"
    "memorysetup-temp-allocator-size-gfx=262144"
Player connection [1216] Host "[IP] 10.20.142.66 [Port] 0 [Flags] 2 [Guid] 1144557721 [EditorId] 1144557721 [Version] 1048832 [Id] WindowsEditor(7,Conceine) [Debug] 1 [PackageName] WindowsEditor [ProjectName] Editor" joined multi-casting on [225.0.0.222:54997]...

Player connection [1216] Host "[IP] 10.20.142.66 [Port] 0 [Flags] 2 [Guid] 1144557721 [EditorId] 1144557721 [Version] 1048832 [Id] WindowsEditor(7,Conceine) [Debug] 1 [PackageName] WindowsEditor [ProjectName] Editor" joined alternative multi-casting on [225.0.0.222:34997]...

[Physics::Module] Initialized MultithreadedJobDispatcher with 7 workers.
Refreshing native plugins compatible for Editor in 10.50 ms, found 2 plugins.
Preloading 0 native plugins for Editor in 0.00 ms.
Initialize engine version: 2022.3.13f1 (5f90a5ebde0f)
[Subsystems] Discovering subsystems at path F:/UnityHub/Resources/2022.3.13f1/Editor/Data/Resources/UnitySubsystems
[Subsystems] Discovering subsystems at path F:/Unity Project/Bridge race/Bridgerace/Assets
GfxDevice: creating device client; threaded=0; jobified=0
Direct3D:
    Version:  Direct3D 11.0 [level 11.1]
    Renderer: Intel(R) Iris(R) Xe Graphics (ID=0x9a49)
    Vendor:   Intel
    VRAM:     8053 MB
    Driver:   31.0.101.5084
Initialize mono
Mono path[0] = 'F:/UnityHub/Resources/2022.3.13f1/Editor/Data/Managed'
Mono path[1] = 'F:/UnityHub/Resources/2022.3.13f1/Editor/Data/MonoBleedingEdge/lib/mono/unityjit-win32'
Mono config path = 'F:/UnityHub/Resources/2022.3.13f1/Editor/Data/MonoBleedingEdge/etc'
Using monoOptions --debugger-agent=transport=dt_socket,embedding=1,server=y,suspend=n,address=127.0.0.1:56804
Begin MonoManager ReloadAssembly
Registering precompiled unity dll's ...
Register platform support module: F:/UnityHub/Resources/2022.3.13f1/Editor/Data/PlaybackEngines/WebGLSupport/UnityEditor.WebGL.Extensions.dll
Register platform support module: F:/UnityHub/Resources/2022.3.13f1/Editor/Data/PlaybackEngines/WindowsStandaloneSupport/UnityEditor.WindowsStandalone.Extensions.dll
Registered in 0.003828 seconds.
- Loaded All Assemblies, in  0.453 seconds
Native extension for WindowsStandalone target not found
Native extension for WebGL target not found
Mono: successfully reloaded assembly
- Finished resetting the current domain, in  0.337 seconds
Domain Reload Profiling: 789ms
	BeginReloadAssembly (146ms)
		ExecutionOrderSort (0ms)
		DisableScriptedObjects (0ms)
		BackupInstance (0ms)
		ReleaseScriptingObjects (0ms)
		CreateAndSetChildDomain (1ms)
	RebuildCommonClasses (46ms)
	RebuildNativeTypeToScriptingClass (17ms)
	initialDomainReloadingComplete (62ms)
	LoadAllAssembliesAndSetupDomain (181ms)
		LoadAssemblies (147ms)
		RebuildTransferFunctionScriptingTraits (0ms)
		AnalyzeDomain (178ms)
			TypeCache.Refresh (176ms)
				TypeCache.ScanAssembly (161ms)
			ScanForSourceGeneratedMonoScriptInfo (0ms)
			ResolveRequiredComponents (1ms)
	FinalizeReload (337ms)
		ReleaseScriptCaches (0ms)
		RebuildScriptCaches (0ms)
		SetupLoadedEditorAssemblies (260ms)
			LogAssemblyErrors (0ms)
			InitializePlatformSupportModulesInManaged (12ms)
			SetLoadedEditorAssemblies (7ms)
			RefreshPlugins (0ms)
			BeforeProcessingInitializeOnLoad (3ms)
			ProcessInitializeOnLoadAttributes (170ms)
			ProcessInitializeOnLoadMethodAttributes (68ms)
			AfterProcessingInitializeOnLoad (0ms)
			EditorAssembliesLoaded (0ms)
		ExecutionOrderSort2 (0ms)
		AwakeInstancesAfterBackupRestoration (0ms)
========================================================================
Worker process is ready to serve import requests
Begin MonoManager ReloadAssembly
Symbol file LoadedFromMemory is not a mono symbol file
- Loaded All Assemblies, in  0.715 seconds
Refreshing native plugins compatible for Editor in 11.57 ms, found 2 plugins.
Native extension for WindowsStandalone target not found
Native extension for WebGL target not found
Package Manager log level set to [2]
[Package Manager] Server::EnsureServerProcessIsRunning -- launch failed, reason: Unity was launched with the -noUpm command-line argument
[Package Manager] UpmClient::Send -- Unable to send message (not connected to UPM process).
[Package Manager] Cannot connect to Unity Package Manager local server
Mono: successfully reloaded assembly
- Finished resetting the current domain, in  0.878 seconds
Domain Reload Profiling: 1594ms
	BeginReloadAssembly (201ms)
		ExecutionOrderSort (0ms)
		DisableScriptedObjects (7ms)
		BackupInstance (0ms)
		ReleaseScriptingObjects (0ms)
		CreateAndSetChildDomain (24ms)
	RebuildCommonClasses (44ms)
	RebuildNativeTypeToScriptingClass (14ms)
	initialDomainReloadingComplete (46ms)
	LoadAllAssembliesAndSetupDomain (411ms)
		LoadAssemblies (364ms)
		RebuildTransferFunctionScriptingTraits (0ms)
		AnalyzeDomain (166ms)
			TypeCache.Refresh (135ms)
				TypeCache.ScanAssembly (113ms)
			ScanForSourceGeneratedMonoScriptInfo (25ms)
			ResolveRequiredComponents (4ms)
	FinalizeReload (879ms)
		ReleaseScriptCaches (0ms)
		RebuildScriptCaches (0ms)
		SetupLoadedEditorAssemblies (599ms)
			LogAssemblyErrors (0ms)
			InitializePlatformSupportModulesInManaged (6ms)
			SetLoadedEditorAssemblies (5ms)
			RefreshPlugins (0ms)
			BeforeProcessingInitializeOnLoad (59ms)
			ProcessInitializeOnLoadAttributes (341ms)
			ProcessInitializeOnLoadMethodAttributes (185ms)
			AfterProcessingInitializeOnLoad (2ms)
			EditorAssembliesLoaded (0ms)
		ExecutionOrderSort2 (0ms)
		AwakeInstancesAfterBackupRestoration (8ms)
Launched and connected shader compiler UnityShaderCompiler.exe after 0.05 seconds
Refreshing native plugins compatible for Editor in 5.78 ms, found 2 plugins.
Preloading 0 native plugins for Editor in 0.00 ms.
Unloading 2529 Unused Serialized files (Serialized files now loaded: 0)
Unloading 61 unused Assets / (68.9 KB). Loaded Objects now: 2988.
Memory consumption went from 118.9 MB to 118.9 MB.
Total: 7.038500 ms (FindLiveObjects: 0.277900 ms CreateObjectMapping: 0.187800 ms MarkObjects: 6.422000 ms  DeleteObjects: 0.148600 ms)

AssetImportParameters requested are different than current active one (requested -> active):
  custom:video-decoder-webm-vp8: 9c59270c3fd7afecdb556c50c9e8de78 -> 
  custom:SearchIndexIgnoredProperties: e643bd26f0fe6173181afceb89e7c659 -> 
  custom:container-demuxer-ogg: 62fdf1f143b41e24485cea50d1cbac27 -> 
  custom:AudioImporter_EditorPlatform: d09bf68614088b80899f8185d706f6e7 -> 
  custom:video-decoder-ogg-theora: a1e56fd34408186e4bbccfd4996cb3dc -> 
  custom:framework-win-MediaFoundation: 216162199b28c13a410421893ffa2e32 -> 
  custom:video-encoder-webm-vp8: eb34c28f22e8b96e1ab97ce403110664 -> 
  custom:audio-decoder-ogg-vorbis: bf7c407c2cedff20999df2af8eb42d56 -> 
  custom:CustomObjectIndexerAttribute: 756ad292c208cfabdd7b50bc23989ffe -> 
  custom:container-demuxer-webm: 4f35f7cbe854078d1ac9338744f61a02 -> 
  custom:audio-encoder-webm-vorbis: bf7c407c2cedff20999df2af8eb42d56 -> 
  custom:container-muxer-webm: aa71ff27fc2769a1b78a27578f13a17b -> 
========================================================================
Received Import Request.
  Time since last request: 11080.820558 seconds.
  path: Assets/AnimStickman/Characters_09_Tpose.fbx
  artifactKey: Guid(827e29c2b4236b340a193f900c0a06cc) Importer(815301076,1909f56bfc062723c751e8b465ee728b)
Start importing Assets/AnimStickman/Characters_09_Tpose.fbx using Guid(827e29c2b4236b340a193f900c0a06cc) Importer(815301076,1909f56bfc062723c751e8b465ee728b)  -> (artifact id: '072dc7e12aee19411593f66413fe0b04') in 0.304430 seconds
Number of updated asset objects reloaded before import = 0
Number of asset objects unloaded after import = 52
========================================================================
Received Import Request.
  Time since last request: 0.000030 seconds.
  path: Assets/AnimStickman/Dance_03.fbx
  artifactKey: Guid(a2c5132b4714f6d469f9abd98af0d8e2) Importer(815301076,1909f56bfc062723c751e8b465ee728b)
Start importing Assets/AnimStickman/Dance_03.fbx using Guid(a2c5132b4714f6d469f9abd98af0d8e2) Importer(815301076,1909f56bfc062723c751e8b465ee728b)  -> (artifact id: 'a9f8c128bb67b1ff80c88c635b6cedf7') in 0.063104 seconds
Number of updated asset objects reloaded before import = 0
Number of asset objects unloaded after import = 47
========================================================================
Received Import Request.
  Time since last request: 0.000014 seconds.
  path: Assets/AnimStickman/Dance_04.fbx
  artifactKey: Guid(1a02583f437d6a64daa82915099255f0) Importer(815301076,1909f56bfc062723c751e8b465ee728b)
Start importing Assets/AnimStickman/Dance_04.fbx using Guid(1a02583f437d6a64daa82915099255f0) Importer(815301076,1909f56bfc062723c751e8b465ee728b)  -> (artifact id: '1c266c0ed81ab26a232d81fd0d232888') in 0.044492 seconds
Number of updated asset objects reloaded before import = 0
Number of asset objects unloaded after import = 47
========================================================================
Received Import Request.
  Time since last request: 0.000296 seconds.
  path: Assets/AnimStickman/Falling Back Death.fbx
  artifactKey: Guid(faa5cbe478224e7499949aecd5ed91fd) Importer(815301076,1909f56bfc062723c751e8b465ee728b)
Start importing Assets/AnimStickman/Falling Back Death.fbx using Guid(faa5cbe478224e7499949aecd5ed91fd) Importer(815301076,1909f56bfc062723c751e8b465ee728b)  -> (artifact id: 'a079e29c1eafd867a36100c8c93aadb5') in 0.034865 seconds
Number of updated asset objects reloaded before import = 0
Number of asset objects unloaded after import = 47
========================================================================
Received Import Request.
  Time since last request: 0.000024 seconds.
  path: Assets/AnimStickman/Victory_01.fbx
  artifactKey: Guid(2c305f23517f20c4db16beb52190fb3d) Importer(815301076,1909f56bfc062723c751e8b465ee728b)
Start importing Assets/AnimStickman/Victory_01.fbx using Guid(2c305f23517f20c4db16beb52190fb3d) Importer(815301076,1909f56bfc062723c751e8b465ee728b)  -> (artifact id: 'c09de874a18c9862d0b18960f30bb540') in 0.032009 seconds
Number of updated asset objects reloaded before import = 0
Number of asset objects unloaded after import = 47
========================================================================
Received Import Request.
  Time since last request: 0.000027 seconds.
  path: Assets/AnimStickman/Victory_02.fbx
  artifactKey: Guid(c8fce08e0cb3f1f4b9a9b13bda991a65) Importer(815301076,1909f56bfc062723c751e8b465ee728b)
Start importing Assets/AnimStickman/Victory_02.fbx using Guid(c8fce08e0cb3f1f4b9a9b13bda991a65) Importer(815301076,1909f56bfc062723c751e8b465ee728b)  -> (artifact id: '9644b1e922cbec8f14b16e8f9cea06a4') in 0.041247 seconds
Number of updated asset objects reloaded before import = 0
Number of asset objects unloaded after import = 47
========================================================================
Received Import Request.
  Time since last request: 0.000019 seconds.
  path: Assets/AnimStickman/Characters_08_Tpose.fbx
  artifactKey: Guid(76c8e8bc98e554146957671f7baa625c) Importer(815301076,1909f56bfc062723c751e8b465ee728b)
Start importing Assets/AnimStickman/Characters_08_Tpose.fbx using Guid(76c8e8bc98e554146957671f7baa625c) Importer(815301076,1909f56bfc062723c751e8b465ee728b)  -> (artifact id: 'fa79f5301868394af82c637add7a3f96') in 0.043429 seconds
Number of updated asset objects reloaded before import = 0
Number of asset objects unloaded after import = 52
========================================================================
Received Import Request.
  Time since last request: 176.663013 seconds.
  path: Assets/_game/Prefabs/Material/Blue.mat
  artifactKey: Guid(8d10ade778828b64c9f75022839304b4) Importer(815301076,1909f56bfc062723c751e8b465ee728b)
Start importing Assets/_game/Prefabs/Material/Blue.mat using Guid(8d10ade778828b64c9f75022839304b4) Importer(815301076,1909f56bfc062723c751e8b465ee728b)  -> (artifact id: 'b38991cbcab5ee61ddbe91dceaf20da0') in 0.037271 seconds
Number of updated asset objects reloaded before import = 0
Number of asset objects unloaded after import = 1
========================================================================
Received Import Request.
  Time since last request: 0.000053 seconds.
  path: Assets/_game/Prefabs/Material/Red.mat
  artifactKey: Guid(1e6d6458f1dbf6e4d8d3689d4daca4c3) Importer(815301076,1909f56bfc062723c751e8b465ee728b)
Start importing Assets/_game/Prefabs/Material/Red.mat using Guid(1e6d6458f1dbf6e4d8d3689d4daca4c3) Importer(815301076,1909f56bfc062723c751e8b465ee728b)  -> (artifact id: '2918db5a42126812bbe8aa1e7a1e1cf8') in 0.029062 seconds
Number of updated asset objects reloaded before import = 0
Number of asset objects unloaded after import = 1
========================================================================
Received Import Request.
  Time since last request: 11.330314 seconds.
  path: Assets/_game/Prefabs/GameObject/RedBrickOnly.prefab
  artifactKey: Guid(d4b3a2afee993404f8a3bf21d3f67d51) Importer(815301076,1909f56bfc062723c751e8b465ee728b)
Start importing Assets/_game/Prefabs/GameObject/RedBrickOnly.prefab using Guid(d4b3a2afee993404f8a3bf21d3f67d51) Importer(815301076,1909f56bfc062723c751e8b465ee728b)  -> (artifact id: '4506ff427d51dbff99809cd876c14553') in 0.027123 seconds
Number of updated asset objects reloaded before import = 0
Number of asset objects unloaded after import = 7
========================================================================
Received Import Request.
  Time since last request: 34.365373 seconds.
  path: Assets/_game/Script/Character's
  artifactKey: Guid(6d70a925eeaed604a9f9cfbbdd8ff0fa) Importer(815301076,1909f56bfc062723c751e8b465ee728b)
Start importing Assets/_game/Script/Character's using Guid(6d70a925eeaed604a9f9cfbbdd8ff0fa) Importer(815301076,1909f56bfc062723c751e8b465ee728b)  -> (artifact id: '90cde253ef6f1e8a2c550a299503dfac') in 0.000663 seconds
Number of updated asset objects reloaded before import = 0
Number of asset objects unloaded after import = 0
========================================================================
Received Import Request.
  Time since last request: 15.353425 seconds.
  path: Assets/_game/Prefabs/Anim/Anim/Bot.controller
  artifactKey: Guid(b6e65df6d9f135e499bb76e3b4062827) Importer(815301076,1909f56bfc062723c751e8b465ee728b)
Start importing Assets/_game/Prefabs/Anim/Anim/Bot.controller using Guid(b6e65df6d9f135e499bb76e3b4062827) Importer(815301076,1909f56bfc062723c751e8b465ee728b)  -> (artifact id: '94c567f7e095141fc8328f019b804763') in 0.005991 seconds
Number of updated asset objects reloaded before import = 0
Number of asset objects unloaded after import = 8
========================================================================
Received Import Request.
  Time since last request: 63.263130 seconds.
  path: Assets/_game/Prefabs/Anim/Player.fbx
  artifactKey: Guid(93b6444b4be9ecc44a98a83cef570ca8) Importer(815301076,1909f56bfc062723c751e8b465ee728b)
Start importing Assets/_game/Prefabs/Anim/Player.fbx using Guid(93b6444b4be9ecc44a98a83cef570ca8) Importer(815301076,1909f56bfc062723c751e8b465ee728b)  -> (artifact id: '8957738a2ed43918dd569b4ac8145495') in 0.039707 seconds
Number of updated asset objects reloaded before import = 0
Number of asset objects unloaded after import = 54
========================================================================
Received Import Request.
  Time since last request: 137.073790 seconds.
  path: Assets/_game/Prefabs/Anim/Player.fbx
  artifactKey: Guid(93b6444b4be9ecc44a98a83cef570ca8) Importer(815301076,1909f56bfc062723c751e8b465ee728b)
Start importing Assets/_game/Prefabs/Anim/Player.fbx using Guid(93b6444b4be9ecc44a98a83cef570ca8) Importer(815301076,1909f56bfc062723c751e8b465ee728b)  -> (artifact id: '6934a2f653ac99bc63678a1285b68839') in 0.041672 seconds
Number of updated asset objects reloaded before import = 0
Number of asset objects unloaded after import = 54
========================================================================
Received Prepare
Begin MonoManager ReloadAssembly
Symbol file LoadedFromMemory is not a mono symbol file
- Loaded All Assemblies, in  0.478 seconds
Refreshing native plugins compatible for Editor in 7.38 ms, found 2 plugins.
Native extension for WindowsStandalone target not found
Native extension for WebGL target not found
[Package Manager] Server::EnsureServerProcessIsRunning -- launch failed, reason: Unity was launched with the -noUpm command-line argument
[Package Manager] UpmClient::Send -- Unable to send message (not connected to UPM process).
[Package Manager] Cannot connect to Unity Package Manager local server
Mono: successfully reloaded assembly
- Finished resetting the current domain, in  1.217 seconds
Domain Reload Profiling: 1695ms
	BeginReloadAssembly (181ms)
		ExecutionOrderSort (0ms)
		DisableScriptedObjects (5ms)
		BackupInstance (0ms)
		ReleaseScriptingObjects (0ms)
		CreateAndSetChildDomain (40ms)
	RebuildCommonClasses (40ms)
	RebuildNativeTypeToScriptingClass (18ms)
	initialDomainReloadingComplete (29ms)
	LoadAllAssembliesAndSetupDomain (208ms)
		LoadAssemblies (304ms)
		RebuildTransferFunctionScriptingTraits (0ms)
		AnalyzeDomain (12ms)
			TypeCache.Refresh (6ms)
				TypeCache.ScanAssembly (0ms)
			ScanForSourceGeneratedMonoScriptInfo (0ms)
			ResolveRequiredComponents (5ms)
	FinalizeReload (1218ms)
		ReleaseScriptCaches (0ms)
		RebuildScriptCaches (0ms)
		SetupLoadedEditorAssemblies (771ms)
			LogAssemblyErrors (0ms)
			InitializePlatformSupportModulesInManaged (5ms)
			SetLoadedEditorAssemblies (5ms)
			RefreshPlugins (0ms)
			BeforeProcessingInitializeOnLoad (61ms)
			ProcessInitializeOnLoadAttributes (385ms)
			ProcessInitializeOnLoadMethodAttributes (309ms)
			AfterProcessingInitializeOnLoad (4ms)
			EditorAssembliesLoaded (1ms)
		ExecutionOrderSort2 (0ms)
		AwakeInstancesAfterBackupRestoration (17ms)
Refreshing native plugins compatible for Editor in 13.55 ms, found 2 plugins.
Preloading 0 native plugins for Editor in 0.00 ms.
Unloading 2522 Unused Serialized files (Serialized files now loaded: 0)
Unloading 50 unused Assets / (42.8 KB). Loaded Objects now: 3036.
Memory consumption went from 124.6 MB to 124.6 MB.
Total: 12.746700 ms (FindLiveObjects: 0.363000 ms CreateObjectMapping: 0.190000 ms MarkObjects: 12.045200 ms  DeleteObjects: 0.145300 ms)

Prepare: number of updated asset objects reloaded= 0
AssetImportParameters requested are different than current active one (requested -> active):
  custom:video-decoder-webm-vp8: 9c59270c3fd7afecdb556c50c9e8de78 -> 
  custom:SearchIndexIgnoredProperties: e643bd26f0fe6173181afceb89e7c659 -> 
  custom:container-demuxer-ogg: 62fdf1f143b41e24485cea50d1cbac27 -> 
  custom:AudioImporter_EditorPlatform: d09bf68614088b80899f8185d706f6e7 -> 
  custom:video-decoder-ogg-theora: a1e56fd34408186e4bbccfd4996cb3dc -> 
  custom:framework-win-MediaFoundation: 216162199b28c13a410421893ffa2e32 -> 
  custom:video-encoder-webm-vp8: eb34c28f22e8b96e1ab97ce403110664 -> 
  custom:audio-decoder-ogg-vorbis: bf7c407c2cedff20999df2af8eb42d56 -> 
  custom:CustomObjectIndexerAttribute: 756ad292c208cfabdd7b50bc23989ffe -> 
  custom:container-demuxer-webm: 4f35f7cbe854078d1ac9338744f61a02 -> 
  custom:audio-encoder-webm-vorbis: bf7c407c2cedff20999df2af8eb42d56 -> 
  custom:container-muxer-webm: aa71ff27fc2769a1b78a27578f13a17b -> 
========================================================================
Received Prepare
Begin MonoManager ReloadAssembly
Symbol file LoadedFromMemory is not a mono symbol file
- Loaded All Assemblies, in  0.450 seconds
Refreshing native plugins compatible for Editor in 7.60 ms, found 2 plugins.
Native extension for WindowsStandalone target not found
Native extension for WebGL target not found
[Package Manager] Server::EnsureServerProcessIsRunning -- launch failed, reason: Unity was launched with the -noUpm command-line argument
[Package Manager] UpmClient::Send -- Unable to send message (not connected to UPM process).
[Package Manager] Cannot connect to Unity Package Manager local server
Mono: successfully reloaded assembly
- Finished resetting the current domain, in  1.300 seconds
Domain Reload Profiling: 1751ms
	BeginReloadAssembly (181ms)
		ExecutionOrderSort (0ms)
		DisableScriptedObjects (7ms)
		BackupInstance (0ms)
		ReleaseScriptingObjects (0ms)
		CreateAndSetChildDomain (50ms)
	RebuildCommonClasses (38ms)
	RebuildNativeTypeToScriptingClass (11ms)
	initialDomainReloadingComplete (25ms)
	LoadAllAssembliesAndSetupDomain (194ms)
		LoadAssemblies (274ms)
		RebuildTransferFunctionScriptingTraits (0ms)
		AnalyzeDomain (14ms)
			TypeCache.Refresh (7ms)
				TypeCache.ScanAssembly (0ms)
			ScanForSourceGeneratedMonoScriptInfo (0ms)
			ResolveRequiredComponents (5ms)
	FinalizeReload (1301ms)
		ReleaseScriptCaches (0ms)
		RebuildScriptCaches (0ms)
		SetupLoadedEditorAssemblies (896ms)
			LogAssemblyErrors (0ms)
			InitializePlatformSupportModulesInManaged (5ms)
			SetLoadedEditorAssemblies (5ms)
			RefreshPlugins (0ms)
			BeforeProcessingInitializeOnLoad (63ms)
			ProcessInitializeOnLoadAttributes (498ms)
			ProcessInitializeOnLoadMethodAttributes (322ms)
			AfterProcessingInitializeOnLoad (3ms)
			EditorAssembliesLoaded (0ms)
		ExecutionOrderSort2 (0ms)
		AwakeInstancesAfterBackupRestoration (11ms)
Refreshing native plugins compatible for Editor in 12.05 ms, found 2 plugins.
Preloading 0 native plugins for Editor in 0.00 ms.
Unloading 2523 Unused Serialized files (Serialized files now loaded: 0)
Unloading 50 unused Assets / (42.9 KB). Loaded Objects now: 3039.
Memory consumption went from 126.8 MB to 126.8 MB.
Total: 10.948000 ms (FindLiveObjects: 0.312200 ms CreateObjectMapping: 0.099400 ms MarkObjects: 10.400600 ms  DeleteObjects: 0.134200 ms)

Prepare: number of updated asset objects reloaded= 0
AssetImportParameters requested are different than current active one (requested -> active):
  custom:video-decoder-webm-vp8: 9c59270c3fd7afecdb556c50c9e8de78 -> 
  custom:SearchIndexIgnoredProperties: e643bd26f0fe6173181afceb89e7c659 -> 
  custom:container-demuxer-ogg: 62fdf1f143b41e24485cea50d1cbac27 -> 
  custom:AudioImporter_EditorPlatform: d09bf68614088b80899f8185d706f6e7 -> 
  custom:video-decoder-ogg-theora: a1e56fd34408186e4bbccfd4996cb3dc -> 
  custom:framework-win-MediaFoundation: 216162199b28c13a410421893ffa2e32 -> 
  custom:video-encoder-webm-vp8: eb34c28f22e8b96e1ab97ce403110664 -> 
  custom:audio-decoder-ogg-vorbis: bf7c407c2cedff20999df2af8eb42d56 -> 
  custom:CustomObjectIndexerAttribute: 756ad292c208cfabdd7b50bc23989ffe -> 
  custom:container-demuxer-webm: 4f35f7cbe854078d1ac9338744f61a02 -> 
  custom:audio-encoder-webm-vorbis: bf7c407c2cedff20999df2af8eb42d56 -> 
  custom:container-muxer-webm: aa71ff27fc2769a1b78a27578f13a17b -> 
========================================================================
Received Import Request.
  Time since last request: 374.275906 seconds.
  path: Assets/_game/Prefabs/Anim/Bot (red).fbx
  artifactKey: Guid(fd24e43fc4943914586a00e4fbbd0d58) Importer(815301076,1909f56bfc062723c751e8b465ee728b)
Start importing Assets/_game/Prefabs/Anim/Bot (red).fbx using Guid(fd24e43fc4943914586a00e4fbbd0d58) Importer(815301076,1909f56bfc062723c751e8b465ee728b)  -> (artifact id: '02cf04e088dc571c83169cedded2a666') in 0.142530 seconds
Number of updated asset objects reloaded before import = 0
Number of asset objects unloaded after import = 54
========================================================================
Received Import Request.
  Time since last request: 4.981417 seconds.
  path: Assets/_game/Prefabs/Anim/Bot (red).fbx
  artifactKey: Guid(fd24e43fc4943914586a00e4fbbd0d58) Importer(815301076,1909f56bfc062723c751e8b465ee728b)
Start importing Assets/_game/Prefabs/Anim/Bot (red).fbx using Guid(fd24e43fc4943914586a00e4fbbd0d58) Importer(815301076,1909f56bfc062723c751e8b465ee728b)  -> (artifact id: 'db0d7346f0cdb9c5968614a5bfd47cd6') in 0.041756 seconds
Number of updated asset objects reloaded before import = 0
Number of asset objects unloaded after import = 52
========================================================================
Received Import Request.
  Time since last request: 3.989313 seconds.
  path: Assets/_game/Prefabs/Anim/Bot (red).fbx
  artifactKey: Guid(fd24e43fc4943914586a00e4fbbd0d58) Importer(815301076,1909f56bfc062723c751e8b465ee728b)
Start importing Assets/_game/Prefabs/Anim/Bot (red).fbx using Guid(fd24e43fc4943914586a00e4fbbd0d58) Importer(815301076,1909f56bfc062723c751e8b465ee728b)  -> (artifact id: 'd66f3dd0cb726a0aa311bf09e8158a22') in 0.042660 seconds
Number of updated asset objects reloaded before import = 0
Number of asset objects unloaded after import = 54
========================================================================
Received Import Request.
  Time since last request: 36.570826 seconds.
  path: Assets/_game/Prefabs/Anim/Bot (red).fbx
  artifactKey: Guid(fd24e43fc4943914586a00e4fbbd0d58) Importer(815301076,1909f56bfc062723c751e8b465ee728b)
Start importing Assets/_game/Prefabs/Anim/Bot (red).fbx using Guid(fd24e43fc4943914586a00e4fbbd0d58) Importer(815301076,1909f56bfc062723c751e8b465ee728b)  -> (artifact id: 'c3ec3933dd67122ed515cb0430c5bdb7') in 0.041965 seconds
Number of updated asset objects reloaded before import = 0
Number of asset objects unloaded after import = 54
========================================================================
Received Prepare
Begin MonoManager ReloadAssembly
Symbol file LoadedFromMemory is not a mono symbol file
- Loaded All Assemblies, in  0.474 seconds
Refreshing native plugins compatible for Editor in 8.38 ms, found 2 plugins.
Native extension for WindowsStandalone target not found
Native extension for WebGL target not found
[Package Manager] Server::EnsureServerProcessIsRunning -- launch failed, reason: Unity was launched with the -noUpm command-line argument
[Package Manager] UpmClient::Send -- Unable to send message (not connected to UPM process).
[Package Manager] Cannot connect to Unity Package Manager local server
Mono: successfully reloaded assembly
- Finished resetting the current domain, in  1.137 seconds
Domain Reload Profiling: 1612ms
	BeginReloadAssembly (175ms)
		ExecutionOrderSort (0ms)
		DisableScriptedObjects (5ms)
		BackupInstance (0ms)
		ReleaseScriptingObjects (0ms)
		CreateAndSetChildDomain (43ms)
	RebuildCommonClasses (42ms)
	RebuildNativeTypeToScriptingClass (11ms)
	initialDomainReloadingComplete (32ms)
	LoadAllAssembliesAndSetupDomain (212ms)
		LoadAssemblies (296ms)
		RebuildTransferFunctionScriptingTraits (0ms)
		AnalyzeDomain (13ms)
			TypeCache.Refresh (6ms)
				TypeCache.ScanAssembly (0ms)
			ScanForSourceGeneratedMonoScriptInfo (0ms)
			ResolveRequiredComponents (5ms)
	FinalizeReload (1139ms)
		ReleaseScriptCaches (0ms)
		RebuildScriptCaches (0ms)
		SetupLoadedEditorAssemblies (702ms)
			LogAssemblyErrors (0ms)
			InitializePlatformSupportModulesInManaged (5ms)
			SetLoadedEditorAssemblies (4ms)
			RefreshPlugins (0ms)
			BeforeProcessingInitializeOnLoad (53ms)
			ProcessInitializeOnLoadAttributes (318ms)
			ProcessInitializeOnLoadMethodAttributes (317ms)
			AfterProcessingInitializeOnLoad (3ms)
			EditorAssembliesLoaded (1ms)
		ExecutionOrderSort2 (0ms)
		AwakeInstancesAfterBackupRestoration (15ms)
Refreshing native plugins compatible for Editor in 7.84 ms, found 2 plugins.
Preloading 0 native plugins for Editor in 0.00 ms.
Unloading 2522 Unused Serialized files (Serialized files now loaded: 0)
Unloading 50 unused Assets / (42.9 KB). Loaded Objects now: 3042.
Memory consumption went from 128.5 MB to 128.5 MB.
Total: 9.198100 ms (FindLiveObjects: 0.285600 ms CreateObjectMapping: 0.203700 ms MarkObjects: 8.583600 ms  DeleteObjects: 0.122800 ms)

Prepare: number of updated asset objects reloaded= 0
AssetImportParameters requested are different than current active one (requested -> active):
  custom:video-decoder-webm-vp8: 9c59270c3fd7afecdb556c50c9e8de78 -> 
  custom:SearchIndexIgnoredProperties: e643bd26f0fe6173181afceb89e7c659 -> 
  custom:container-demuxer-ogg: 62fdf1f143b41e24485cea50d1cbac27 -> 
  custom:AudioImporter_EditorPlatform: d09bf68614088b80899f8185d706f6e7 -> 
  custom:video-decoder-ogg-theora: a1e56fd34408186e4bbccfd4996cb3dc -> 
  custom:framework-win-MediaFoundation: 216162199b28c13a410421893ffa2e32 -> 
  custom:video-encoder-webm-vp8: eb34c28f22e8b96e1ab97ce403110664 -> 
  custom:audio-decoder-ogg-vorbis: bf7c407c2cedff20999df2af8eb42d56 -> 
  custom:CustomObjectIndexerAttribute: 756ad292c208cfabdd7b50bc23989ffe -> 
  custom:container-demuxer-webm: 4f35f7cbe854078d1ac9338744f61a02 -> 
  custom:audio-encoder-webm-vorbis: bf7c407c2cedff20999df2af8eb42d56 -> 
  custom:container-muxer-webm: aa71ff27fc2769a1b78a27578f13a17b -> 
========================================================================
Received Import Request.
  Time since last request: 54.985989 seconds.
  path: Assets/_game/Prefabs/Anim/Bot (green).fbx
  artifactKey: Guid(41da5cf4978603d429fe0fb3165f08ea) Importer(815301076,1909f56bfc062723c751e8b465ee728b)
Start importing Assets/_game/Prefabs/Anim/Bot (green).fbx using Guid(41da5cf4978603d429fe0fb3165f08ea) Importer(815301076,1909f56bfc062723c751e8b465ee728b)  -> (artifact id: 'b47e08bb7ef003dfb5537640a02ee07b') in 0.130446 seconds
Number of updated asset objects reloaded before import = 0
Number of asset objects unloaded after import = 54
========================================================================
Received Import Request.
  Time since last request: 2.339186 seconds.
  path: Assets/_game/Prefabs/Anim/Bot (green).fbx
  artifactKey: Guid(41da5cf4978603d429fe0fb3165f08ea) Importer(815301076,1909f56bfc062723c751e8b465ee728b)
Start importing Assets/_game/Prefabs/Anim/Bot (green).fbx using Guid(41da5cf4978603d429fe0fb3165f08ea) Importer(815301076,1909f56bfc062723c751e8b465ee728b)  -> (artifact id: '67de4805747c89ee7904cdc6e64e7995') in 0.043554 seconds
Number of updated asset objects reloaded before import = 0
Number of asset objects unloaded after import = 54
========================================================================
Received Import Request.
  Time since last request: 33.426406 seconds.
  path: Assets/_game/Prefabs/Anim/Bot (yellow).fbx
  artifactKey: Guid(70110a75dcd88174d9a58896f59d8c3f) Importer(815301076,1909f56bfc062723c751e8b465ee728b)
Start importing Assets/_game/Prefabs/Anim/Bot (yellow).fbx using Guid(70110a75dcd88174d9a58896f59d8c3f) Importer(815301076,1909f56bfc062723c751e8b465ee728b)  -> (artifact id: '61d5ab23c31a63a6daddcf7092f4e6eb') in 0.049787 seconds
Number of updated asset objects reloaded before import = 0
Number of asset objects unloaded after import = 54
========================================================================
Received Import Request.
  Time since last request: 2.275560 seconds.
  path: Assets/_game/Prefabs/Anim/Bot (yellow).fbx
  artifactKey: Guid(70110a75dcd88174d9a58896f59d8c3f) Importer(815301076,1909f56bfc062723c751e8b465ee728b)
Start importing Assets/_game/Prefabs/Anim/Bot (yellow).fbx using Guid(70110a75dcd88174d9a58896f59d8c3f) Importer(815301076,1909f56bfc062723c751e8b465ee728b)  -> (artifact id: '278d16001c6ea92e406cca05254f83c3') in 0.070375 seconds
Number of updated asset objects reloaded before import = 0
Number of asset objects unloaded after import = 54
========================================================================
Received Prepare
Begin MonoManager ReloadAssembly
Symbol file LoadedFromMemory is not a mono symbol file
- Loaded All Assemblies, in  0.498 seconds
Refreshing native plugins compatible for Editor in 5.19 ms, found 2 plugins.
Native extension for WindowsStandalone target not found
Native extension for WebGL target not found
[Package Manager] Server::EnsureServerProcessIsRunning -- launch failed, reason: Unity was launched with the -noUpm command-line argument
[Package Manager] UpmClient::Send -- Unable to send message (not connected to UPM process).
[Package Manager] Cannot connect to Unity Package Manager local server
Mono: successfully reloaded assembly
- Finished resetting the current domain, in  1.298 seconds
Domain Reload Profiling: 1797ms
	BeginReloadAssembly (195ms)
		ExecutionOrderSort (0ms)
		DisableScriptedObjects (6ms)
		BackupInstance (0ms)
		ReleaseScriptingObjects (0ms)
		CreateAndSetChildDomain (46ms)
	RebuildCommonClasses (53ms)
	RebuildNativeTypeToScriptingClass (14ms)
	initialDomainReloadingComplete (29ms)
	LoadAllAssembliesAndSetupDomain (206ms)
		LoadAssemblies (309ms)
		RebuildTransferFunctionScriptingTraits (0ms)
		AnalyzeDomain (10ms)
			TypeCache.Refresh (6ms)
				TypeCache.ScanAssembly (0ms)
			ScanForSourceGeneratedMonoScriptInfo (0ms)
			ResolveRequiredComponents (3ms)
	FinalizeReload (1299ms)
		ReleaseScriptCaches (0ms)
		RebuildScriptCaches (0ms)
		SetupLoadedEditorAssemblies (846ms)
			LogAssemblyErrors (0ms)
			InitializePlatformSupportModulesInManaged (7ms)
			SetLoadedEditorAssemblies (6ms)
			RefreshPlugins (0ms)
			BeforeProcessingInitializeOnLoad (56ms)
			ProcessInitializeOnLoadAttributes (418ms)
			ProcessInitializeOnLoadMethodAttributes (354ms)
			AfterProcessingInitializeOnLoad (4ms)
			EditorAssembliesLoaded (1ms)
		ExecutionOrderSort2 (0ms)
		AwakeInstancesAfterBackupRestoration (22ms)
Refreshing native plugins compatible for Editor in 21.14 ms, found 2 plugins.
Preloading 0 native plugins for Editor in 0.00 ms.
Unloading 2522 Unused Serialized files (Serialized files now loaded: 0)
Unloading 50 unused Assets / (42.9 KB). Loaded Objects now: 3045.
Memory consumption went from 130.5 MB to 130.5 MB.
Total: 13.350400 ms (FindLiveObjects: 0.362500 ms CreateObjectMapping: 0.242600 ms MarkObjects: 12.527900 ms  DeleteObjects: 0.214500 ms)

Prepare: number of updated asset objects reloaded= 0
AssetImportParameters requested are different than current active one (requested -> active):
  custom:video-decoder-webm-vp8: 9c59270c3fd7afecdb556c50c9e8de78 -> 
  custom:SearchIndexIgnoredProperties: e643bd26f0fe6173181afceb89e7c659 -> 
  custom:container-demuxer-ogg: 62fdf1f143b41e24485cea50d1cbac27 -> 
  custom:AudioImporter_EditorPlatform: d09bf68614088b80899f8185d706f6e7 -> 
  custom:video-decoder-ogg-theora: a1e56fd34408186e4bbccfd4996cb3dc -> 
  custom:framework-win-MediaFoundation: 216162199b28c13a410421893ffa2e32 -> 
  custom:video-encoder-webm-vp8: eb34c28f22e8b96e1ab97ce403110664 -> 
  custom:audio-decoder-ogg-vorbis: bf7c407c2cedff20999df2af8eb42d56 -> 
  custom:CustomObjectIndexerAttribute: 756ad292c208cfabdd7b50bc23989ffe -> 
  custom:container-demuxer-webm: 4f35f7cbe854078d1ac9338744f61a02 -> 
  custom:audio-encoder-webm-vorbis: bf7c407c2cedff20999df2af8eb42d56 -> 
  custom:container-muxer-webm: aa71ff27fc2769a1b78a27578f13a17b -> 
========================================================================
Received Import Request.
  Time since last request: 117.498688 seconds.
  path: Assets/_game/Prefabs/Character
  artifactKey: Guid(563affb3d08ec2144a5dc29d6bd8b378) Importer(815301076,1909f56bfc062723c751e8b465ee728b)
Start importing Assets/_game/Prefabs/Character using Guid(563affb3d08ec2144a5dc29d6bd8b378) Importer(815301076,1909f56bfc062723c751e8b465ee728b)  -> (artifact id: '2dec324475228c3e5f20875acb7bbcf1') in 0.002268 seconds
Number of updated asset objects reloaded before import = 0
Number of asset objects unloaded after import = 0
========================================================================
Received Import Request.
  Time since last request: 4.725701 seconds.
  path: Assets/_game/Prefabs/Character/Bot (Red).prefab
  artifactKey: Guid(b3dadd8ca2de57e4ca9070c93b3aff38) Importer(815301076,1909f56bfc062723c751e8b465ee728b)
Start importing Assets/_game/Prefabs/Character/Bot (Red).prefab using Guid(b3dadd8ca2de57e4ca9070c93b3aff38) Importer(815301076,1909f56bfc062723c751e8b465ee728b)  -> (artifact id: '91d59eb06f87aa9a00346686c568f130') in 0.204582 seconds
Number of updated asset objects reloaded before import = 0
Number of asset objects unloaded after import = 127
========================================================================
Received Import Request.
  Time since last request: 1.420881 seconds.
  path: Assets/_game/Prefabs/Character/Bot (Green).prefab
  artifactKey: Guid(52e0be53b4995944da970272044be1ae) Importer(815301076,1909f56bfc062723c751e8b465ee728b)
Start importing Assets/_game/Prefabs/Character/Bot (Green).prefab using Guid(52e0be53b4995944da970272044be1ae) Importer(815301076,1909f56bfc062723c751e8b465ee728b)  -> (artifact id: '2b22fcbdf5d326da567c90388ee42cfc') in 0.019877 seconds
Number of updated asset objects reloaded before import = 0
Number of asset objects unloaded after import = 128
========================================================================
Received Import Request.
  Time since last request: 3.065671 seconds.
  path: Assets/_game/Prefabs/Character/Bot (Yellow).prefab
  artifactKey: Guid(6cb5523b8a4ec264aa0b073169894a0f) Importer(815301076,1909f56bfc062723c751e8b465ee728b)
Start importing Assets/_game/Prefabs/Character/Bot (Yellow).prefab using Guid(6cb5523b8a4ec264aa0b073169894a0f) Importer(815301076,1909f56bfc062723c751e8b465ee728b)  -> (artifact id: '68053d788ef321590a46f8dacb706f8e') in 0.017958 seconds
Number of updated asset objects reloaded before import = 0
Number of asset objects unloaded after import = 128
========================================================================
Received Import Request.
  Time since last request: 4.102965 seconds.
  path: Assets/_game/Prefabs/Character/Player.prefab
  artifactKey: Guid(e585eed6947550d4fac803e63fcd7980) Importer(815301076,1909f56bfc062723c751e8b465ee728b)
Start importing Assets/_game/Prefabs/Character/Player.prefab using Guid(e585eed6947550d4fac803e63fcd7980) Importer(815301076,1909f56bfc062723c751e8b465ee728b)  -> (artifact id: 'eeec0279fe05e7eca6c40cd2c5e4f33d') in 0.018176 seconds
Number of updated asset objects reloaded before import = 0
Number of asset objects unloaded after import = 127
========================================================================
Received Import Request.
  Time since last request: 4.775199 seconds.
  path: Assets/_game/Prefabs/Material
  artifactKey: Guid(b8abd67c4f445ec4a91b1d694f94d392) Importer(815301076,1909f56bfc062723c751e8b465ee728b)
Start importing Assets/_game/Prefabs/Material using Guid(b8abd67c4f445ec4a91b1d694f94d392) Importer(815301076,1909f56bfc062723c751e8b465ee728b)  -> (artifact id: 'c23e270f20389ea8e73d0c389c13585a') in 0.018140 seconds
Number of updated asset objects reloaded before import = 0
Number of asset objects unloaded after import = 0
========================================================================
Received Prepare
Begin MonoManager ReloadAssembly
Symbol file LoadedFromMemory is not a mono symbol file
- Loaded All Assemblies, in  0.529 seconds
Refreshing native plugins compatible for Editor in 5.06 ms, found 2 plugins.
Native extension for WindowsStandalone target not found
Native extension for WebGL target not found
[Package Manager] Server::EnsureServerProcessIsRunning -- launch failed, reason: Unity was launched with the -noUpm command-line argument
[Package Manager] UpmClient::Send -- Unable to send message (not connected to UPM process).
[Package Manager] Cannot connect to Unity Package Manager local server
Mono: successfully reloaded assembly
- Finished resetting the current domain, in  1.194 seconds
Domain Reload Profiling: 1731ms
	BeginReloadAssembly (189ms)
		ExecutionOrderSort (0ms)
		DisableScriptedObjects (8ms)
		BackupInstance (0ms)
		ReleaseScriptingObjects (0ms)
		CreateAndSetChildDomain (42ms)
	RebuildCommonClasses (46ms)
	RebuildNativeTypeToScriptingClass (19ms)
	initialDomainReloadingComplete (30ms)
	LoadAllAssembliesAndSetupDomain (245ms)
		LoadAssemblies (346ms)
		RebuildTransferFunctionScriptingTraits (0ms)
		AnalyzeDomain (10ms)
			TypeCache.Refresh (5ms)
				TypeCache.ScanAssembly (0ms)
			ScanForSourceGeneratedMonoScriptInfo (0ms)
			ResolveRequiredComponents (4ms)
	FinalizeReload (1203ms)
		ReleaseScriptCaches (0ms)
		RebuildScriptCaches (0ms)
		SetupLoadedEditorAssemblies (759ms)
			LogAssemblyErrors (0ms)
			InitializePlatformSupportModulesInManaged (7ms)
			SetLoadedEditorAssemblies (6ms)
			RefreshPlugins (0ms)
			BeforeProcessingInitializeOnLoad (53ms)
			ProcessInitializeOnLoadAttributes (442ms)
			ProcessInitializeOnLoadMethodAttributes (247ms)
			AfterProcessingInitializeOnLoad (3ms)
			EditorAssembliesLoaded (1ms)
		ExecutionOrderSort2 (0ms)
		AwakeInstancesAfterBackupRestoration (20ms)
Refreshing native plugins compatible for Editor in 4.92 ms, found 2 plugins.
Preloading 0 native plugins for Editor in 0.00 ms.
Unloading 2522 Unused Serialized files (Serialized files now loaded: 0)
Unloading 50 unused Assets / (42.9 KB). Loaded Objects now: 3049.
Memory consumption went from 132.5 MB to 132.5 MB.
Total: 7.495900 ms (FindLiveObjects: 0.537600 ms CreateObjectMapping: 0.124900 ms MarkObjects: 6.682200 ms  DeleteObjects: 0.148800 ms)

Prepare: number of updated asset objects reloaded= 0
AssetImportParameters requested are different than current active one (requested -> active):
  custom:video-decoder-webm-vp8: 9c59270c3fd7afecdb556c50c9e8de78 -> 
  custom:SearchIndexIgnoredProperties: e643bd26f0fe6173181afceb89e7c659 -> 
  custom:container-demuxer-ogg: 62fdf1f143b41e24485cea50d1cbac27 -> 
  custom:AudioImporter_EditorPlatform: d09bf68614088b80899f8185d706f6e7 -> 
  custom:video-decoder-ogg-theora: a1e56fd34408186e4bbccfd4996cb3dc -> 
  custom:framework-win-MediaFoundation: 216162199b28c13a410421893ffa2e32 -> 
  custom:video-encoder-webm-vp8: eb34c28f22e8b96e1ab97ce403110664 -> 
  custom:audio-decoder-ogg-vorbis: bf7c407c2cedff20999df2af8eb42d56 -> 
  custom:CustomObjectIndexerAttribute: 756ad292c208cfabdd7b50bc23989ffe -> 
  custom:container-demuxer-webm: 4f35f7cbe854078d1ac9338744f61a02 -> 
  custom:audio-encoder-webm-vorbis: bf7c407c2cedff20999df2af8eb42d56 -> 
  custom:container-muxer-webm: aa71ff27fc2769a1b78a27578f13a17b -> 
========================================================================
Received Prepare
Begin MonoManager ReloadAssembly
Symbol file LoadedFromMemory is not a mono symbol file
- Loaded All Assemblies, in  0.491 seconds
Refreshing native plugins compatible for Editor in 5.05 ms, found 2 plugins.
Native extension for WindowsStandalone target not found
Native extension for WebGL target not found
[Package Manager] Server::EnsureServerProcessIsRunning -- launch failed, reason: Unity was launched with the -noUpm command-line argument
[Package Manager] UpmClient::Send -- Unable to send message (not connected to UPM process).
[Package Manager] Cannot connect to Unity Package Manager local server
Mono: successfully reloaded assembly
- Finished resetting the current domain, in  1.256 seconds
Domain Reload Profiling: 1747ms
	BeginReloadAssembly (216ms)
		ExecutionOrderSort (0ms)
		DisableScriptedObjects (6ms)
		BackupInstance (0ms)
		ReleaseScriptingObjects (0ms)
		CreateAndSetChildDomain (64ms)
	RebuildCommonClasses (43ms)
	RebuildNativeTypeToScriptingClass (17ms)
	initialDomainReloadingComplete (24ms)
	LoadAllAssembliesAndSetupDomain (190ms)
		LoadAssemblies (299ms)
		RebuildTransferFunctionScriptingTraits (0ms)
		AnalyzeDomain (9ms)
			TypeCache.Refresh (5ms)
				TypeCache.ScanAssembly (0ms)
			ScanForSourceGeneratedMonoScriptInfo (0ms)
			ResolveRequiredComponents (3ms)
	FinalizeReload (1257ms)
		ReleaseScriptCaches (0ms)
		RebuildScriptCaches (0ms)
		SetupLoadedEditorAssemblies (806ms)
			LogAssemblyErrors (0ms)
			InitializePlatformSupportModulesInManaged (5ms)
			SetLoadedEditorAssemblies (4ms)
			RefreshPlugins (0ms)
			BeforeProcessingInitializeOnLoad (61ms)
			ProcessInitializeOnLoadAttributes (404ms)
			ProcessInitializeOnLoadMethodAttributes (328ms)
			AfterProcessingInitializeOnLoad (3ms)
			EditorAssembliesLoaded (1ms)
		ExecutionOrderSort2 (0ms)
		AwakeInstancesAfterBackupRestoration (17ms)
Refreshing native plugins compatible for Editor in 10.38 ms, found 2 plugins.
Preloading 0 native plugins for Editor in 0.00 ms.
Unloading 2523 Unused Serialized files (Serialized files now loaded: 0)
Unloading 50 unused Assets / (42.9 KB). Loaded Objects now: 3052.
Memory consumption went from 134.7 MB to 134.7 MB.
Total: 10.094100 ms (FindLiveObjects: 0.536500 ms CreateObjectMapping: 0.115300 ms MarkObjects: 9.350800 ms  DeleteObjects: 0.090100 ms)

Prepare: number of updated asset objects reloaded= 0
AssetImportParameters requested are different than current active one (requested -> active):
  custom:video-decoder-webm-vp8: 9c59270c3fd7afecdb556c50c9e8de78 -> 
  custom:SearchIndexIgnoredProperties: e643bd26f0fe6173181afceb89e7c659 -> 
  custom:container-demuxer-ogg: 62fdf1f143b41e24485cea50d1cbac27 -> 
  custom:AudioImporter_EditorPlatform: d09bf68614088b80899f8185d706f6e7 -> 
  custom:video-decoder-ogg-theora: a1e56fd34408186e4bbccfd4996cb3dc -> 
  custom:framework-win-MediaFoundation: 216162199b28c13a410421893ffa2e32 -> 
  custom:video-encoder-webm-vp8: eb34c28f22e8b96e1ab97ce403110664 -> 
  custom:audio-decoder-ogg-vorbis: bf7c407c2cedff20999df2af8eb42d56 -> 
  custom:CustomObjectIndexerAttribute: 756ad292c208cfabdd7b50bc23989ffe -> 
  custom:container-demuxer-webm: 4f35f7cbe854078d1ac9338744f61a02 -> 
  custom:audio-encoder-webm-vorbis: bf7c407c2cedff20999df2af8eb42d56 -> 
  custom:container-muxer-webm: aa71ff27fc2769a1b78a27578f13a17b -> 
